[0.035s] Invoking command in '/home/carver/auto_dock_ws/build/auto_dock_package': CMAKE_PREFIX_PATH=/home/carver/RMF_ws/install/rmf_maps:/home/carver/RMF_ws/install/rmf_gz:/home/carver/RMF_ws/install/rmf_dashboard_resources:/home/carver/RMF_ws/install/rmf:/home/carver/navi_ws/install/neo_local_planner:/home/carver/navi_ws/install/navigation:/home/carver/navi_ws/install/description:/home/carver/navi_ws/install/carver_interfaces:/home/carver/slam_ws/install/slam_toolbox:/home/carver/sick_scan_ws/install/sick_scan2:/home/carver/PyRoboteq/install/xxx_control:/home/carver/ros2_ws/install/cpp_pubsub:/home/carver/tf_ws/install/learning_tf2_py:/home/carver/mqtt_ws/install/ros2_mqtt:/home/carver/navi_ws/install/my_package:/opt/ros/foxy:/home/carver/roboteq_driff_ws/install/serial:/home/carver/roboteq_driff_ws/install/roboteq_diff_msgs /usr/bin/cmake /home/carver/auto_dock_ws/src/my_first_package -DAMENT_CMAKE_SYMLINK_INSTALL=1 -DCMAKE_INSTALL_PREFIX=/home/carver/auto_dock_ws/install/auto_dock_package
[0.113s] -- The C compiler identification is GNU 9.4.0
[0.174s] -- The CXX compiler identification is GNU 9.4.0
[0.180s] -- Check for working C compiler: /usr/bin/cc
[0.259s] -- Check for working C compiler: /usr/bin/cc -- works
[0.260s] -- Detecting C compiler ABI info
[0.336s] -- Detecting C compiler ABI info - done
[0.349s] -- Detecting C compile features
[0.349s] -- Detecting C compile features - done
[0.352s] -- Check for working CXX compiler: /usr/bin/c++
[0.441s] -- Check for working CXX compiler: /usr/bin/c++ -- works
[0.443s] -- Detecting CXX compiler ABI info
[0.528s] -- Detecting CXX compiler ABI info - done
[0.546s] -- Detecting CXX compile features
[0.546s] -- Detecting CXX compile features - done
[0.550s] -- Found rosidl_default_generators: 1.0.1 (/opt/ros/foxy/share/rosidl_default_generators/cmake)
[0.553s] -- Found ament_cmake_core: 0.9.11 (/opt/ros/foxy/share/ament_cmake_core/cmake)
[0.577s] -- Found PythonInterp: /usr/bin/python3 (found suitable version "3.8.10", minimum required is "3") 
[0.577s] -- Using PYTHON_EXECUTABLE: /usr/bin/python3
[0.789s] -- Override CMake install command with custom implementation using symlinks instead of copying resources
[0.797s] -- Using all available rosidl_typesupport_c: rosidl_typesupport_fastrtps_c;rosidl_typesupport_introspection_c
[0.813s] -- Found rosidl_adapter: 1.3.0 (/opt/ros/foxy/share/rosidl_adapter/cmake)
[0.999s] -- Found OpenSSL: /usr/lib/x86_64-linux-gnu/libcrypto.so (found version "1.1.1f")  
[1.049s] -- Found FastRTPS: /opt/ros/foxy/include  
[1.176s] -- Using all available rosidl_typesupport_cpp: rosidl_typesupport_fastrtps_cpp;rosidl_typesupport_introspection_cpp
[1.231s] -- Found geometry_msgs: 2.0.5 (/opt/ros/foxy/share/geometry_msgs/cmake)
[1.325s] -- Found rclcpp: 2.4.2 (/opt/ros/foxy/share/rclcpp/cmake)
[1.386s] -- Found rmw_implementation_cmake: 1.0.3 (/opt/ros/foxy/share/rmw_implementation_cmake/cmake)
[1.388s] -- Using RMW implementation 'rmw_fastrtps_cpp' as default
[1.389s] -- Looking for pthread.h
[1.466s] -- Looking for pthread.h - found
[1.467s] -- Performing Test CMAKE_HAVE_LIBC_PTHREAD
[1.551s] -- Performing Test CMAKE_HAVE_LIBC_PTHREAD - Failed
[1.551s] -- Looking for pthread_create in pthreads
[1.617s] -- Looking for pthread_create in pthreads - not found
[1.617s] -- Looking for pthread_create in pthread
[1.696s] -- Looking for pthread_create in pthread - found
[1.698s] -- Found Threads: TRUE  
[1.893s] -- Found rclpy: 1.0.10 (/opt/ros/foxy/share/rclpy/cmake)
[1.952s] -- Found PythonInterp: /usr/bin/python3 (found version "3.8.10") 
[2.182s] -- Found ament_cmake_ros: 0.9.2 (/opt/ros/foxy/share/ament_cmake_ros/cmake)
[2.591s] -- Using all available rosidl_typesupport_c: rosidl_typesupport_fastrtps_c;rosidl_typesupport_introspection_c
[2.733s] -- Using all available rosidl_typesupport_cpp: rosidl_typesupport_fastrtps_cpp;rosidl_typesupport_introspection_cpp
[2.767s] -- Found PythonInterp: /usr/bin/python3 (found suitable version "3.8.10", minimum required is "3.5") 
[2.770s] -- Found python_cmake_module: 0.8.1 (/opt/ros/foxy/share/python_cmake_module/cmake)
[2.800s] -- Found PythonLibs: /usr/lib/x86_64-linux-gnu/libpython3.8.so (found suitable version "3.8.10", minimum required is "3.5") 
[2.800s] -- Using PYTHON_EXECUTABLE: /usr/bin/python3
[2.800s] -- Using PYTHON_INCLUDE_DIRS: /usr/include/python3.8
[2.800s] -- Using PYTHON_LIBRARIES: /usr/lib/x86_64-linux-gnu/libpython3.8.so
[2.825s] -- Found PythonExtra: .so  
[2.916s] -- Configuring done
[2.989s] -- Generating done
[2.992s] -- Build files have been written to: /home/carver/auto_dock_ws/build/auto_dock_package
[3.002s] Invoked command in '/home/carver/auto_dock_ws/build/auto_dock_package' returned '0': CMAKE_PREFIX_PATH=/home/carver/RMF_ws/install/rmf_maps:/home/carver/RMF_ws/install/rmf_gz:/home/carver/RMF_ws/install/rmf_dashboard_resources:/home/carver/RMF_ws/install/rmf:/home/carver/navi_ws/install/neo_local_planner:/home/carver/navi_ws/install/navigation:/home/carver/navi_ws/install/description:/home/carver/navi_ws/install/carver_interfaces:/home/carver/slam_ws/install/slam_toolbox:/home/carver/sick_scan_ws/install/sick_scan2:/home/carver/PyRoboteq/install/xxx_control:/home/carver/ros2_ws/install/cpp_pubsub:/home/carver/tf_ws/install/learning_tf2_py:/home/carver/mqtt_ws/install/ros2_mqtt:/home/carver/navi_ws/install/my_package:/opt/ros/foxy:/home/carver/roboteq_driff_ws/install/serial:/home/carver/roboteq_driff_ws/install/roboteq_diff_msgs /usr/bin/cmake /home/carver/auto_dock_ws/src/my_first_package -DAMENT_CMAKE_SYMLINK_INSTALL=1 -DCMAKE_INSTALL_PREFIX=/home/carver/auto_dock_ws/install/auto_dock_package
[3.007s] Invoking command in '/home/carver/auto_dock_ws/build/auto_dock_package': CMAKE_PREFIX_PATH=/home/carver/RMF_ws/install/rmf_maps:/home/carver/RMF_ws/install/rmf_gz:/home/carver/RMF_ws/install/rmf_dashboard_resources:/home/carver/RMF_ws/install/rmf:/home/carver/navi_ws/install/neo_local_planner:/home/carver/navi_ws/install/navigation:/home/carver/navi_ws/install/description:/home/carver/navi_ws/install/carver_interfaces:/home/carver/slam_ws/install/slam_toolbox:/home/carver/sick_scan_ws/install/sick_scan2:/home/carver/PyRoboteq/install/xxx_control:/home/carver/ros2_ws/install/cpp_pubsub:/home/carver/tf_ws/install/learning_tf2_py:/home/carver/mqtt_ws/install/ros2_mqtt:/home/carver/navi_ws/install/my_package:/opt/ros/foxy:/home/carver/roboteq_driff_ws/install/serial:/home/carver/roboteq_driff_ws/install/roboteq_diff_msgs /usr/bin/cmake --build /home/carver/auto_dock_ws/build/auto_dock_package -- -j8 -l8
[3.058s] [35m[1mScanning dependencies of target auto_dock_package__cpp[0m
[3.060s] [  2%] [34m[1mGenerating C code for ROS interfaces[0m
[3.061s] [35m[1mScanning dependencies of target cpp_node_test[0m
[3.074s] [  4%] [34m[1mGenerating C++ code for ROS interfaces[0m
[3.076s] [  7%] [32mBuilding CXX object CMakeFiles/cpp_node_test.dir/src/cpp_node.cpp.o[0m
[3.088s] [01m[K/home/carver/auto_dock_ws/src/my_first_package/src/cpp_node.cpp:1:10:[m[K [01;31m[Kfatal error: [m[Kmy_first_package/cpp_header.hpp: No such file or directory
[3.089s]     1 | #include [01;31m[K"my_first_package/cpp_header.hpp"[m[K
[3.089s]       |          [01;31m[K^~~~~~~~~~~~~~~~~~~~~~~~~~~~~~~~~[m[K
[3.089s] compilation terminated.
[3.090s] make[2]: *** [CMakeFiles/cpp_node_test.dir/build.make:63: CMakeFiles/cpp_node_test.dir/src/cpp_node.cpp.o] Error 1
[3.090s] make[1]: *** [CMakeFiles/Makefile2:360: CMakeFiles/cpp_node_test.dir/all] Error 2
[3.090s] make[1]: *** Waiting for unfinished jobs....
[3.464s] [35m[1mScanning dependencies of target auto_dock_package__rosidl_generator_c[0m
[3.480s] [  9%] [32mBuilding C object CMakeFiles/auto_dock_package__rosidl_generator_c.dir/rosidl_generator_c/auto_dock_package/srv/detail/set_goal__functions.c.o[0m
[3.482s] [ 12%] [32mBuilding C object CMakeFiles/auto_dock_package__rosidl_generator_c.dir/rosidl_generator_c/auto_dock_package/srv/detail/rand_goal__functions.c.o[0m
[3.572s] [ 14%] [32m[1mLinking C shared library libauto_dock_package__rosidl_generator_c.so[0m
[3.599s] [ 14%] Built target auto_dock_package__cpp
[3.631s] [ 14%] Built target auto_dock_package__rosidl_generator_c
[3.632s] make: *** [Makefile:141: all] Error 2
[3.635s] Invoked command in '/home/carver/auto_dock_ws/build/auto_dock_package' returned '2': CMAKE_PREFIX_PATH=/home/carver/RMF_ws/install/rmf_maps:/home/carver/RMF_ws/install/rmf_gz:/home/carver/RMF_ws/install/rmf_dashboard_resources:/home/carver/RMF_ws/install/rmf:/home/carver/navi_ws/install/neo_local_planner:/home/carver/navi_ws/install/navigation:/home/carver/navi_ws/install/description:/home/carver/navi_ws/install/carver_interfaces:/home/carver/slam_ws/install/slam_toolbox:/home/carver/sick_scan_ws/install/sick_scan2:/home/carver/PyRoboteq/install/xxx_control:/home/carver/ros2_ws/install/cpp_pubsub:/home/carver/tf_ws/install/learning_tf2_py:/home/carver/mqtt_ws/install/ros2_mqtt:/home/carver/navi_ws/install/my_package:/opt/ros/foxy:/home/carver/roboteq_driff_ws/install/serial:/home/carver/roboteq_driff_ws/install/roboteq_diff_msgs /usr/bin/cmake --build /home/carver/auto_dock_ws/build/auto_dock_package -- -j8 -l8
